<?xml version="1.0" encoding="UTF-8"?>
<!-- Generated by org.testng.reporters.JUnitReportReporter -->
<testsuite hostname="DESKTOP-46Q38T1" failures="0" tests="1" name="script.Test1" time="6.823" errors="0" timestamp="2022-09-23T11:10:46 IST" skipped="0">
  <testcase classname="script.Test1" name="testA" time="6.823"/>
  <system-out>
    <![CDATA[From xl:Akshara
Test Automation Training - Java, Selenium, API Automation
CONTACT US]]>
  </system-out>
</testsuite> <!-- script.Test1 -->
