<?xml version="1.0" encoding="UTF-8"?>
<!-- Generated by org.testng.reporters.JUnitReportReporter -->
<testsuite hostname="DESKTOP-46Q38T1" failures="0" tests="1" name="script.ValidLogin" time="15.003" errors="0" timestamp="2022-09-28T10:10:38 IST" skipped="0">
  <testcase classname="script.ValidLogin" name="testValidLogin" time="15.003"/>
  <system-out/>
</testsuite> <!-- script.ValidLogin -->
